<?xml version="1.0" encoding="UTF-8"?>
<!-- Generated by org.testng.reporters.JUnitXMLReporter -->
<testsuite ignored="0" hostname="INHYDLDSINGH2" failures="1" tests="1" name="Test" time="0.106" errors="0" timestamp="2022-04-29T18:45:53 IST">
  <testcase classname="mvnforjenkins.OpenBrowser" name="setUp" time="0.074">
    <failure type="java.lang.NoSuchMethodError" message="com.google.common.collect.ImmutableMap.of(Ljava/lang/Object;Ljava/lang/Object;Ljava/lang/Object;Ljava/lang/Object;Ljava/lang/Object;Ljava/lang/Object;Ljava/lang/Object;Ljava/lang/Object;Ljava/lang/Object;Ljava/lang/Object;Ljava/lang/Object;Ljava/lang/Object;)Lcom/google/common/collect/ImmutableMap;">
      <![CDATA[java.lang.NoSuchMethodError: com.google.common.collect.ImmutableMap.of(Ljava/lang/Object;Ljava/lang/Object;Ljava/lang/Object;Ljava/lang/Object;Ljava/lang/Object;Ljava/lang/Object;Ljava/lang/Object;Ljava/lang/Object;Ljava/lang/Object;Ljava/lang/Object;Ljava/lang/Object;Ljava/lang/Object;)Lcom/google/common/collect/ImmutableMap;
at org.openqa.selenium.chrome.AddHasCasting.getAdditionalCommands(AddHasCasting.java:38)
at org.openqa.selenium.chrome.ChromeDriver$ChromeDriverCommandExecutor.getExtraCommands(ChromeDriver.java:123)
at org.openqa.selenium.chrome.ChromeDriver$ChromeDriverCommandExecutor.<init>(ChromeDriver.java:118)
at org.openqa.selenium.chrome.ChromeDriver.<init>(ChromeDriver.java:106)
at org.openqa.selenium.chrome.ChromeDriver.<init>(ChromeDriver.java:93)
at org.openqa.selenium.chrome.ChromeDriver.<init>(ChromeDriver.java:48)
at mvnforjenkins.OpenBrowser.setUp(OpenBrowser.java:17)
at java.base/java.util.ArrayList.forEach(ArrayList.java:1541)
... Removed 27 stack frames]]>
    </failure>
  </testcase> <!-- setUp -->
</testsuite> <!-- Test -->
